2020-04-15 18:43:57.863  INFO 9640 --- [main] c.z.s.SpringBootLoggingApplicationTests  : Starting SpringBootLoggingApplicationTests on DESKTOP-JBT7NJ3 with PID 9640 (started by 38004 in D:\360MoveData\Users\38004\Desktop\MyGitFile\Java学习\springboot_project\spring-boot-logging)
2020-04-15 18:43:57.866 DEBUG 9640 --- [main] c.z.s.SpringBootLoggingApplicationTests  : Running with Spring Boot v2.2.6.RELEASE, Spring v5.2.5.RELEASE
2020-04-15 18:43:57.868  INFO 9640 --- [main] c.z.s.SpringBootLoggingApplicationTests  : No active profile set, falling back to default profiles: default
2020-04-15 18:43:59.497  INFO 9640 --- [main] o.s.s.concurrent.ThreadPoolTaskExecutor  : Initializing ExecutorService 'applicationTaskExecutor'
2020-04-15 18:43:59.816  INFO 9640 --- [main] c.z.s.SpringBootLoggingApplicationTests  : Started SpringBootLoggingApplicationTests in 2.629 seconds (JVM running for 4.034)
2020-04-15 18:44:00.040 TRACE 9640 --- [main] c.z.s.SpringBootLoggingApplicationTests  : 这是trace日志...
2020-04-15 18:44:00.040 DEBUG 9640 --- [main] c.z.s.SpringBootLoggingApplicationTests  : 这是debug日志...
2020-04-15 18:44:00.040  INFO 9640 --- [main] c.z.s.SpringBootLoggingApplicationTests  : 这是info日志...
2020-04-15 18:44:00.040  WARN 9640 --- [main] c.z.s.SpringBootLoggingApplicationTests  : 这是warn日志...
2020-04-15 18:44:00.040 ERROR 9640 --- [main] c.z.s.SpringBootLoggingApplicationTests  : 这是error日志...
2020-04-15 18:44:00.135  INFO 9640 --- [SpringContextShutdownHook] o.s.s.concurrent.ThreadPoolTaskExecutor  : Shutting down ExecutorService 'applicationTaskExecutor'
2020-04-15 18:54:22.080 [main] INFO  c.zth.springboot.SpringBootLoggingApplicationTests - Starting SpringBootLoggingApplicationTests on DESKTOP-JBT7NJ3 with PID 5612 (started by 38004 in D:\360MoveData\Users\38004\Desktop\MyGitFile\Java学习\springboot_project\spring-boot-logging)
2020-04-15 18:54:22.082 [main] DEBUG c.zth.springboot.SpringBootLoggingApplicationTests - Running with Spring Boot v2.2.6.RELEASE, Spring v5.2.5.RELEASE
2020-04-15 18:54:22.083 [main] INFO  c.zth.springboot.SpringBootLoggingApplicationTests - No active profile set, falling back to default profiles: default
2020-04-15 18:54:23.743 [main] INFO  o.s.scheduling.concurrent.ThreadPoolTaskExecutor - Initializing ExecutorService 'applicationTaskExecutor'
2020-04-15 18:54:24.081 [main] INFO  c.zth.springboot.SpringBootLoggingApplicationTests - Started SpringBootLoggingApplicationTests in 2.529 seconds (JVM running for 4.013)
2020-04-15 18:54:24.339 [main] TRACE c.zth.springboot.SpringBootLoggingApplicationTests - 这是trace日志...
2020-04-15 18:54:24.339 [main] DEBUG c.zth.springboot.SpringBootLoggingApplicationTests - 这是debug日志...
2020-04-15 18:54:24.339 [main] INFO  c.zth.springboot.SpringBootLoggingApplicationTests - 这是info日志...
2020-04-15 18:54:24.339 [main] WARN  c.zth.springboot.SpringBootLoggingApplicationTests - 这是warn日志...
2020-04-15 18:54:24.339 [main] ERROR c.zth.springboot.SpringBootLoggingApplicationTests - 这是error日志...
2020-04-15 18:54:24.438 [SpringContextShutdownHook] INFO  o.s.scheduling.concurrent.ThreadPoolTaskExecutor - Shutting down ExecutorService 'applicationTaskExecutor'
